<?xml version="1.0" encoding="UTF-8"?>
<robot generator="Robot 7.0.1 (Python 3.10.6 on darwin)" generated="2024-06-22T13:36:13.584769" rpa="false" schemaversion="5">
<suite id="s1" name="Reqres-Api-Test" source="/Users/wiraproject/Documents/automation/Robot/Test/reqres-api-test.robot">
<test id="s1-t1" name="Register New User" line="15">
<kw name="Given I want to register a new user" owner="post-create-user">
<kw name="Create Dictionary" owner="BuiltIn">
<msg time="2024-06-22T13:36:13.665749" level="INFO">&amp;{payload} = { name=Gouda | job=QA Engineer }</msg>
<var>&amp;{payload}</var>
<arg>name=Gouda</arg>
<arg>job=QA Engineer</arg>
<doc>Creates and returns a dictionary based on the given ``items``.</doc>
<status status="PASS" start="2024-06-22T13:36:13.665448" elapsed="0.001799"/>
</kw>
<kw name="Evaluate" owner="BuiltIn">
<msg time="2024-06-22T13:36:13.670206" level="INFO">${json_payload} = {"name": "Gouda", "job": "QA Engineer"}</msg>
<var>${json_payload}</var>
<arg>json.dumps($payload)</arg>
<arg>json</arg>
<doc>Evaluates the given expression in Python and returns the result.</doc>
<status status="PASS" start="2024-06-22T13:36:13.667479" elapsed="0.002843"/>
</kw>
<kw name="Set Suite Variable" owner="BuiltIn">
<msg time="2024-06-22T13:36:13.670666" level="INFO">${json_payload} = {"name": "Gouda", "job": "QA Engineer"}</msg>
<arg>${json_payload}</arg>
<doc>Makes a variable available everywhere within the scope of the current suite.</doc>
<status status="PASS" start="2024-06-22T13:36:13.670469" elapsed="0.000262"/>
</kw>
<status status="PASS" start="2024-06-22T13:36:13.665175" elapsed="0.005626"/>
</kw>
<kw name="When I sent a request" owner="post-create-user">
<kw name="Create Dictionary" owner="BuiltIn">
<msg time="2024-06-22T13:36:13.671383" level="INFO">${headers} = {'Content-Type': 'application/json'}</msg>
<var>${headers}</var>
<arg>Content-Type=application/json</arg>
<doc>Creates and returns a dictionary based on the given ``items``.</doc>
<status status="PASS" start="2024-06-22T13:36:13.671228" elapsed="0.000215"/>
</kw>
<kw name="POST" owner="RequestsLibrary">
<msg time="2024-06-22T13:36:14.821090" level="INFO">POST Request : url=https://reqres.in/api/users 
 path_url=/api/users 
 headers={'User-Agent': 'python-requests/2.32.3', 'Accept-Encoding': 'gzip, deflate', 'Accept': '*/*', 'Connection': 'keep-alive', 'Content-Type': 'application/json', 'Content-Length': '39'} 
 body={"name": "Gouda", "job": "QA Engineer"} 
 </msg>
<msg time="2024-06-22T13:36:14.835342" level="INFO">POST Response : url=https://reqres.in/api/users 
 status=201, reason=Created 
 headers={'Date': 'Sat, 22 Jun 2024 06:36:14 GMT', 'Content-Type': 'application/json; charset=utf-8', 'Content-Length': '86', 'Connection': 'keep-alive', 'Report-To': '{"group":"heroku-nel","max_age":3600,"endpoints":[{"url":"https://nel.heroku.com/reports?ts=1719038174&amp;sid=c4c9725f-1ab0-44d8-820f-430df2718e11&amp;s=iZo7NY%2BR9K728CZcXlj6y4jhNKLucY8GrES2OlYxuX8%3D"}]}', 'Reporting-Endpoints': 'heroku-nel=https://nel.heroku.com/reports?ts=1719038174&amp;sid=c4c9725f-1ab0-44d8-820f-430df2718e11&amp;s=iZo7NY%2BR9K728CZcXlj6y4jhNKLucY8GrES2OlYxuX8%3D', 'Nel': '{"report_to":"heroku-nel","max_age":3600,"success_fraction":0.005,"failure_fraction":0.05,"response_headers":["Via"]}', 'X-Powered-By': 'Express', 'Access-Control-Allow-Origin': '*', 'Etag': 'W/"56-Qx3Qz8lZh2525bB/O5nxczvC+uY"', 'Via': '1.1 vegur', 'CF-Cache-Status': 'DYNAMIC', 'Server': 'cloudflare', 'CF-RAY': '897a390af8db87cb-SIN'} 
 body={"name":"Gouda","job":"QA Engineer","id":"954","createdAt":"2024-06-22T06:36:14.589Z"} 
 </msg>
<msg time="2024-06-22T13:36:14.835647" level="INFO">${response} = &lt;Response [201]&gt;</msg>
<var>${response}</var>
<arg>url=${base_url}${create_user}</arg>
<arg>data=${json_payload}</arg>
<arg>headers=${headers}</arg>
<doc>Sends a POST request.</doc>
<status status="PASS" start="2024-06-22T13:36:13.671537" elapsed="1.164239"/>
</kw>
<kw name="Set Suite Variable" owner="BuiltIn">
<msg time="2024-06-22T13:36:14.836785" level="INFO">${response} = &lt;Response [201]&gt;</msg>
<arg>${response}</arg>
<doc>Makes a variable available everywhere within the scope of the current suite.</doc>
<status status="PASS" start="2024-06-22T13:36:14.836179" elapsed="0.000813"/>
</kw>
<status status="PASS" start="2024-06-22T13:36:13.671032" elapsed="1.166149"/>
</kw>
<kw name="Then I verify the response" owner="post-create-user">
<kw name="Status Should Be" owner="RequestsLibrary">
<arg>201</arg>
<arg>${response}</arg>
<doc>Fails if response status code is different than the expected.</doc>
<status status="PASS" start="2024-06-22T13:36:14.838702" elapsed="0.000447"/>
</kw>
<kw name="Set Variable" owner="BuiltIn">
<msg time="2024-06-22T13:36:14.840386" level="INFO">${response_json} = {'name': 'Gouda', 'job': 'QA Engineer', 'id': '954', 'createdAt': '2024-06-22T06:36:14.589Z'}</msg>
<var>${response_json}</var>
<arg>${response.json()}</arg>
<doc>Returns the given values which can then be assigned to a variables.</doc>
<status status="PASS" start="2024-06-22T13:36:14.839405" elapsed="0.001151"/>
</kw>
<kw name="Should Be Equal As Strings" owner="BuiltIn">
<arg>${response_json['name']}</arg>
<arg>Gouda</arg>
<doc>Fails if objects are unequal after converting them to strings.</doc>
<status status="PASS" start="2024-06-22T13:36:14.840789" elapsed="0.000840"/>
</kw>
<kw name="Should Be Equal As Strings" owner="BuiltIn">
<arg>${response_json['job']}</arg>
<arg>QA Engineer</arg>
<doc>Fails if objects are unequal after converting them to strings.</doc>
<status status="PASS" start="2024-06-22T13:36:14.841982" elapsed="0.000936"/>
</kw>
<status status="PASS" start="2024-06-22T13:36:14.838170" elapsed="0.005143"/>
</kw>
<status status="PASS" start="2024-06-22T13:36:13.664589" elapsed="1.179179"/>
</test>
<status status="PASS" start="2024-06-22T13:36:13.587462" elapsed="1.258305"/>
</suite>
<statistics>
<total>
<stat pass="1" fail="0" skip="0">All Tests</stat>
</total>
<tag>
</tag>
<suite>
<stat pass="1" fail="0" skip="0" id="s1" name="Reqres-Api-Test">Reqres-Api-Test</stat>
</suite>
</statistics>
<errors>
</errors>
</robot>
